<?xml version="1.0" encoding="UTF-8"?>
<!-- Generated by org.testng.reporters.JUnitXMLReporter -->
<testsuite hostname="IBM571-PC0DXR77" ignored="3" name="Test" tests="7" failures="1" timestamp="29 Jul 2018 19:08:19 GMT" time="1.033" errors="0">
  <testcase name="printSomething" time="0.042" classname="com.automation.practice.selenium.TestNGTest">
    <failure type="java.lang.ArithmeticException" message="/ by zero">
      <![CDATA[java.lang.ArithmeticException: / by zero
at com.automation.practice.selenium.TestNGTest.printSomething(TestNGTest.java:57)
... Removed 25 stack frames]]>
    </failure>
  </testcase> <!-- printSomething -->
  <testcase name="swapTwoNumbersWithNo3rdNum" time="0.007" classname="com.automation.practice.java.basic.TwoNumberSwapNo3rdElement"/>
  <testcase name="PrintParameters" time="0.004" classname="com.automation.practice.selenium.TestNGTest"/>
  <testcase name="testData" time="0.002" classname="com.automation.practice.selenium.TestNGTest"/>
  <testcase name="testData" time="0.002" classname="com.automation.practice.selenium.TestNGTest"/>
  <testcase name="testData" time="0.001" classname="com.automation.practice.selenium.TestNGTest"/>
  <testcase name="testData" time="0.001" classname="com.automation.practice.selenium.TestNGTest"/>
  <testcase name="sampleTest1" time="0.0" classname="com.automation.practice.selenium.TestNGTest">
    <ignored/>
  </testcase> <!-- sampleTest1 -->
  <testcase name="sampleTest2" time="0.0" classname="com.automation.practice.selenium.TestNGTest">
    <ignored/>
  </testcase> <!-- sampleTest2 -->
  <testcase name="sampleTest" time="0.0" classname="com.automation.practice.selenium.TestNGTest">
    <ignored/>
  </testcase> <!-- sampleTest -->
</testsuite> <!-- Test -->
