<?xml version="1.0" encoding="UTF-8"?>
<testng-results skipped="0" failed="1" ignored="3" total="10" passed="6">
  <reporter-output>
  </reporter-output>
  <suite name="Suite" duration-ms="1033" started-at="2018-07-29T19:08:18Z" finished-at="2018-07-29T19:08:19Z">
    <groups>
    </groups>
    <test name="Test" duration-ms="1033" started-at="2018-07-29T19:08:18Z" finished-at="2018-07-29T19:08:19Z">
      <class name="com.automation.practice.selenium.TestNGTest">
        <test-method status="FAIL" signature="printSomething()[pri:-1, instance:com.automation.practice.selenium.TestNGTest@6e2c9341]" name="printSomething" duration-ms="42" started-at="2018-07-29T19:08:18Z" finished-at="2018-07-29T19:08:18Z">
          <exception class="java.lang.ArithmeticException">
            <message>
              <![CDATA[/ by zero]]>
            </message>
            <full-stacktrace>
              <![CDATA[java.lang.ArithmeticException: / by zero
at com.automation.practice.selenium.TestNGTest.printSomething(TestNGTest.java:57)
at sun.reflect.NativeMethodAccessorImpl.invoke0(Native Method)
at sun.reflect.NativeMethodAccessorImpl.invoke(Unknown Source)
at sun.reflect.DelegatingMethodAccessorImpl.invoke(Unknown Source)
at java.lang.reflect.Method.invoke(Unknown Source)
at org.testng.internal.MethodInvocationHelper.invokeMethod(MethodInvocationHelper.java:124)
at org.testng.internal.Invoker.invokeMethod(Invoker.java:580)
at org.testng.internal.Invoker.invokeTestMethod(Invoker.java:716)
at org.testng.internal.Invoker.invokeTestMethods(Invoker.java:988)
at org.testng.internal.TestMethodWorker.invokeTestMethods(TestMethodWorker.java:125)
at org.testng.internal.TestMethodWorker.run(TestMethodWorker.java:109)
at org.testng.TestRunner.privateRun(TestRunner.java:648)
at org.testng.TestRunner.run(TestRunner.java:505)
at org.testng.SuiteRunner.runTest(SuiteRunner.java:455)
at org.testng.SuiteRunner.runSequentially(SuiteRunner.java:450)
at org.testng.SuiteRunner.privateRun(SuiteRunner.java:415)
at org.testng.SuiteRunner.run(SuiteRunner.java:364)
at org.testng.SuiteRunnerWorker.runSuite(SuiteRunnerWorker.java:52)
at org.testng.SuiteRunnerWorker.run(SuiteRunnerWorker.java:84)
at org.testng.TestNG.runSuitesSequentially(TestNG.java:1208)
at org.testng.TestNG.runSuitesLocally(TestNG.java:1137)
at org.testng.TestNG.runSuites(TestNG.java:1049)
at org.testng.TestNG.run(TestNG.java:1017)
at org.testng.remote.AbstractRemoteTestNG.run(AbstractRemoteTestNG.java:114)
at org.testng.remote.RemoteTestNG.initAndRun(RemoteTestNG.java:251)
at org.testng.remote.RemoteTestNG.main(RemoteTestNG.java:77)
]]>
            </full-stacktrace>
          </exception> <!-- java.lang.ArithmeticException -->
          <reporter-output>
          </reporter-output>
        </test-method> <!-- printSomething -->
        <test-method status="PASS" signature="PrintParameters(java.lang.String, java.lang.String)[pri:0, instance:com.automation.practice.selenium.TestNGTest@6e2c9341]" name="PrintParameters" duration-ms="4" started-at="2018-07-29T19:08:18Z" finished-at="2018-07-29T19:08:18Z">
          <params>
            <param index="0">
              <value>
                <![CDATA[chrome]]>
              </value>
            </param>
            <param index="1">
              <value>
                <![CDATA[Phani]]>
              </value>
            </param>
          </params>
          <reporter-output>
          </reporter-output>
        </test-method> <!-- PrintParameters -->
        <test-method status="PASS" signature="testData(java.lang.String, java.lang.String)[pri:0, instance:com.automation.practice.selenium.TestNGTest@6e2c9341]" name="testData" duration-ms="2" started-at="2018-07-29T19:08:19Z" data-provider="data1" finished-at="2018-07-29T19:08:19Z">
          <params>
            <param index="0">
              <value>
                <![CDATA[test]]>
              </value>
            </param>
            <param index="1">
              <value>
                <![CDATA[hello]]>
              </value>
            </param>
          </params>
          <reporter-output>
          </reporter-output>
        </test-method> <!-- testData -->
        <test-method status="PASS" signature="testData(java.lang.String, java.lang.String)[pri:0, instance:com.automation.practice.selenium.TestNGTest@6e2c9341]" name="testData" duration-ms="2" started-at="2018-07-29T19:08:19Z" data-provider="data1" finished-at="2018-07-29T19:08:19Z">
          <params>
            <param index="0">
              <value>
                <![CDATA[test1]]>
              </value>
            </param>
            <param index="1">
              <value>
                <![CDATA[hello1]]>
              </value>
            </param>
          </params>
          <reporter-output>
          </reporter-output>
        </test-method> <!-- testData -->
        <test-method status="PASS" signature="testData(java.lang.String, java.lang.String)[pri:0, instance:com.automation.practice.selenium.TestNGTest@6e2c9341]" name="testData" duration-ms="1" started-at="2018-07-29T19:08:19Z" data-provider="data1" finished-at="2018-07-29T19:08:19Z">
          <params>
            <param index="0">
              <value>
                <![CDATA[test2]]>
              </value>
            </param>
            <param index="1">
              <value>
                <![CDATA[hello2]]>
              </value>
            </param>
          </params>
          <reporter-output>
          </reporter-output>
        </test-method> <!-- testData -->
        <test-method status="PASS" signature="testData(java.lang.String, java.lang.String)[pri:0, instance:com.automation.practice.selenium.TestNGTest@6e2c9341]" name="testData" duration-ms="1" started-at="2018-07-29T19:08:19Z" data-provider="data1" finished-at="2018-07-29T19:08:19Z">
          <params>
            <param index="0">
              <value>
                <![CDATA[test4]]>
              </value>
            </param>
            <param index="1">
              <value>
                <![CDATA[hello3]]>
              </value>
            </param>
          </params>
          <reporter-output>
          </reporter-output>
        </test-method> <!-- testData -->
      </class> <!-- com.automation.practice.selenium.TestNGTest -->
      <class name="com.automation.practice.java.basic.TwoNumberSwapNo3rdElement">
        <test-method status="PASS" signature="swapTwoNumbersWithNo3rdNum()[pri:0, instance:com.automation.practice.java.basic.TwoNumberSwapNo3rdElement@77a57272]" name="swapTwoNumbersWithNo3rdNum" duration-ms="7" started-at="2018-07-29T19:08:18Z" finished-at="2018-07-29T19:08:18Z">
          <reporter-output>
          </reporter-output>
        </test-method> <!-- swapTwoNumbersWithNo3rdNum -->
      </class> <!-- com.automation.practice.java.basic.TwoNumberSwapNo3rdElement -->
    </test> <!-- Test -->
  </suite> <!-- Suite -->
</testng-results>
